0 info it worked if it ends with ok
1 verbose cli [ '/root/bin/node', '/root/bin/npm', 'install' ]
2 info using npm@2.14.20
3 info using node@v4.4.1
4 verbose readDependencies loading dependencies from /var/www/html/colornowapp/public_html/package.json
5 error install Couldn't read dependencies
6 verbose stack Error: ENOENT: no such file or directory, open '/var/www/html/colornowapp/public_html/package.json'
6 verbose stack     at Error (native)
7 verbose cwd /var/www/html/colornowapp/public_html
8 error Linux 3.10.0-862.2.3.el7.x86_64
9 error argv "/root/bin/node" "/root/bin/npm" "install"
10 error node v4.4.1
11 error npm  v2.14.20
12 error path /var/www/html/colornowapp/public_html/package.json
13 error code ENOPACKAGEJSON
14 error errno -2
15 error syscall open
16 error package.json ENOENT: no such file or directory, open '/var/www/html/colornowapp/public_html/package.json'
16 error package.json This is most likely not a problem with npm itself.
16 error package.json npm can't find a package.json file in your current directory.
17 verbose exit [ -2, true ]
